<?xml version="1.0" encoding="UTF-8"?>
<testsuite name="util.HttpRequestUtilsTest" tests="7" skipped="0" failures="0" errors="0" timestamp="2019-03-28T08:46:52" hostname="nser789acuiimac.korea.ncsoft.corp" time="0.04">
  <properties/>
  <testcase name="parseQueryString" classname="util.HttpRequestUtilsTest" time="0.03"/>
  <testcase name="getKeyValue" classname="util.HttpRequestUtilsTest" time="0.0"/>
  <testcase name="parseCookies" classname="util.HttpRequestUtilsTest" time="0.0"/>
  <testcase name="parseHeader" classname="util.HttpRequestUtilsTest" time="0.0"/>
  <testcase name="getKeyValue_invalid" classname="util.HttpRequestUtilsTest" time="0.0"/>
  <testcase name="parseQueryString_invalid" classname="util.HttpRequestUtilsTest" time="0.0"/>
  <testcase name="parseQueryString_null" classname="util.HttpRequestUtilsTest" time="0.007"/>
  <system-out><![CDATA[]]></system-out>
  <system-err><![CDATA[]]></system-err>
</testsuite>
