<?xml version="1.0" encoding="UTF-8"?>
<testsuite name="util.IOUtilsTest" tests="1" skipped="0" failures="0" errors="0" timestamp="2019-03-28T08:46:52" hostname="nser789acuiimac.korea.ncsoft.corp" time="0.005">
  <properties/>
  <testcase name="readData" classname="util.IOUtilsTest" time="0.005"/>
  <system-out><![CDATA[17:46:52,234 |-INFO in ch.qos.logback.classic.LoggerContext[default] - Could NOT find resource [logback.groovy]
17:46:52,234 |-INFO in ch.qos.logback.classic.LoggerContext[default] - Could NOT find resource [logback-test.xml]
17:46:52,234 |-INFO in ch.qos.logback.classic.LoggerContext[default] - Found resource [logback.xml] at [file:/Users/kimcp/IdeaProjects/nextstep-book-study/web-application-server-raw/build/resources/main/logback.xml]
17:46:52,358 |-INFO in ch.qos.logback.classic.joran.action.ConfigurationAction - debug attribute not set
17:46:52,364 |-INFO in ch.qos.logback.core.joran.action.AppenderAction - About to instantiate appender of type [ch.qos.logback.core.ConsoleAppender]
17:46:52,371 |-INFO in ch.qos.logback.core.joran.action.AppenderAction - Naming appender as [STDOUT]
17:46:52,444 |-WARN in ch.qos.logback.core.ConsoleAppender[STDOUT] - This appender no longer admits a layout as a sub-component, set an encoder instead.
17:46:52,444 |-WARN in ch.qos.logback.core.ConsoleAppender[STDOUT] - To ensure compatibility, wrapping your layout in LayoutWrappingEncoder.
17:46:52,444 |-WARN in ch.qos.logback.core.ConsoleAppender[STDOUT] - See also http://logback.qos.ch/codes.html#layoutInsteadOfEncoder for details
17:46:52,445 |-INFO in ch.qos.logback.classic.joran.action.RootLoggerAction - Setting level of ROOT logger to DEBUG
17:46:52,445 |-INFO in ch.qos.logback.core.joran.action.AppenderRefAction - Attaching appender named [STDOUT] to Logger[ROOT]
17:46:52,445 |-INFO in ch.qos.logback.classic.joran.action.ConfigurationAction - End of configuration.
17:46:52,446 |-INFO in ch.qos.logback.classic.joran.JoranConfigurator@7e770777 - Registering current configuration as safe fallback point

17:46:52.459 [DEBUG] [Test worker] [util.IOUtilsTest] - parse body : abcd123
]]></system-out>
  <system-err><![CDATA[]]></system-err>
</testsuite>
